<?xml version="1.0" encoding="UTF-8"?>
<!-- Generated by org.testng.reporters.JUnitReportReporter -->
<testsuite hostname="JARVIS-PC" failures="0" tests="1" name="TestScript.CreateUserTest" time="3.454" errors="0" timestamp="10 Jul 2024 06:00:14 GMT" skipped="0">
  <testcase classname="TestScript.CreateUserTest" name="createNewUser" time="3.454"/>
</testsuite> <!-- TestScript.CreateUserTest -->
