<?xml version="1.0" encoding="UTF-8"?>
<!-- Generated by org.testng.reporters.JUnitReportReporter -->
<testsuite hostname="JARVIS-PC" failures="0" tests="5" name="DataProvider.WorkingWithDataProvider" time="20.098" errors="0" timestamp="10 Jul 2024 07:31:51 GMT" skipped="0">
  <testcase classname="DataProvider.WorkingWithDataProvider" name="loginIntoActiTime" time="5.379"/>
  <testcase classname="DataProvider.WorkingWithDataProvider" name="loginIntoActiTime" time="3.593"/>
  <testcase classname="DataProvider.WorkingWithDataProvider" name="loginIntoActiTime" time="3.715"/>
  <testcase classname="DataProvider.WorkingWithDataProvider" name="loginIntoActiTime" time="3.905"/>
  <testcase classname="DataProvider.WorkingWithDataProvider" name="loginIntoActiTime" time="3.506"/>
</testsuite> <!-- DataProvider.WorkingWithDataProvider -->
